app/outputs/logs/manifest-merger-release-report.txt
-- Merging decision tree log ---
application
INJECTED from src\main\AndroidManifest.xml:43:4-89:19
MERGED from [:firebase_messaging] AndroidManifest.xml:15:5-48:19
MERGED from [:firebase_messaging] AndroidManifest.xml:15:5-48:19
MERGED from [:cloud_firestore] AndroidManifest.xml:9:5-15:19
MERGED from [:cloud_firestore] AndroidManifest.xml:9:5-15:19
MERGED from [:firebase_auth] AndroidManifest.xml:9:5-15:19
MERGED from [:firebase_auth] AndroidManifest.xml:9:5-15:19
MERGED from [:firebase_core] AndroidManifest.xml:9:5-15:19
MERGED from [:firebase_core] AndroidManifest.xml:9:5-15:19
MERGED from [:share_plus] AndroidManifest.xml:9:5-35:19
MERGED from [:share_plus] AndroidManifest.xml:9:5-35:19
MERGED from [:image_picker_android] AndroidManifest.xml:9:5-19:19
MERGED from [:image_picker_android] AndroidManifest.xml:9:5-19:19
MERGED from [:url_launcher_android] AndroidManifest.xml:9:5-14:19
MERGED from [:url_launcher_android] AndroidManifest.xml:9:5-14:19
MERGED from [:open_filex] AndroidManifest.xml:17:5-28:19
MERGED from [:open_filex] AndroidManifest.xml:17:5-28:19
MERGED from [androidx.window:window:1.0.0] AndroidManifest.xml:24:5-31:19
MERGED from [androidx.window:window:1.0.0] AndroidManifest.xml:24:5-31:19
MERGED from [com.google.android.gms:play-services-auth:20.6.0] AndroidManifest.xml:22:5-38:19
MERGED from [com.google.android.gms:play-services-auth:20.6.0] AndroidManifest.xml:22:5-38:19
MERGED from [com.google.firebase:firebase-auth:22.1.0] AndroidManifest.xml:28:5-73:19
MERGED from [com.google.firebase:firebase-auth:22.1.0] AndroidManifest.xml:28:5-73:19
MERGED from [com.google.firebase:firebase-messaging:23.2.0] AndroidManifest.xml:30:5-59:19
MERGED from [com.google.firebase:firebase-messaging:23.2.0] AndroidManifest.xml:30:5-59:19
MERGED from [com.google.firebase:firebase-firestore:24.7.0] AndroidManifest.xml:15:5-23:19
MERGED from [com.google.firebase:firebase-firestore:24.7.0] AndroidManifest.xml:15:5-23:19
MERGED from [com.google.android.gms:play-services-vision:20.1.3] AndroidManifest.xml:7:5-20
MERGED from [com.google.android.gms:play-services-vision:20.1.3] AndroidManifest.xml:7:5-20
MERGED from [com.google.android.gms:play-services-fido:20.0.1] AndroidManifest.xml:7:5-8:19
MERGED from [com.google.android.gms:play-services-fido:20.0.1] AndroidManifest.xml:7:5-8:19
MERGED from [com.google.firebase:firebase-appcheck-interop:17.0.0] AndroidManifest.xml:23:5-20
MERGED from [com.google.firebase:firebase-appcheck-interop:17.0.0] AndroidManifest.xml:23:5-20
MERGED from [com.google.android.gms:play-services-vision-common:19.1.3] AndroidManifest.xml:7:5-20
MERGED from [com.google.android.gms:play-services-vision-common:19.1.3] AndroidManifest.xml:7:5-20
MERGED from [com.google.android.gms:play-services-clearcut:17.0.0] AndroidManifest.xml:22:5-20
MERGED from [com.google.android.gms:play-services-clearcut:17.0.0] AndroidManifest.xml:22:5-20
MERGED from [com.google.android.gms:play-services-phenotype:17.0.0] AndroidManifest.xml:22:5-20
MERGED from [com.google.android.gms:play-services-phenotype:17.0.0] AndroidManifest.xml:22:5-20
MERGED from [com.google.android.gms:play-services-base:18.0.1] AndroidManifest.xml:19:5-23:19
MERGED from [com.google.android.gms:play-services-base:18.0.1] AndroidManifest.xml:19:5-23:19
MERGED from [com.google.firebase:firebase-iid:21.1.0] AndroidManifest.xml:28:5-36:19
MERGED from [com.google.firebase:firebase-iid:21.1.0] AndroidManifest.xml:28:5-36:19
MERGED from [com.google.firebase:firebase-analytics:21.3.0] AndroidManifest.xml:7:5-20
MERGED from [com.google.firebase:firebase-analytics:21.3.0] AndroidManifest.xml:7:5-20
MERGED from [com.google.android.gms:play-services-measurement-api:21.3.0] AndroidManifest.xml:27:5-35:19
MERGED from [com.google.android.gms:play-services-measurement-api:21.3.0] AndroidManifest.xml:27:5-35:19
MERGED from [com.google.firebase:firebase-installations:17.1.3] AndroidManifest.xml:13:5-21:19
MERGED from [com.google.firebase:firebase-installations:17.1.3] AndroidManifest.xml:13:5-21:19
MERGED from [com.google.firebase:firebase-datatransport:18.1.7] AndroidManifest.xml:23:5-31:19
MERGED from [com.google.firebase:firebase-datatransport:18.1.7] AndroidManifest.xml:23:5-31:19
MERGED from [com.google.firebase:firebase-auth-interop:20.0.0] AndroidManifest.xml:7:5-8:19
MERGED from [com.google.firebase:firebase-auth-interop:20.0.0] AndroidManifest.xml:7:5-8:19
MERGED from [com.google.firebase:firebase-common:20.3.3] AndroidManifest.xml:24:5-37:19
MERGED from [com.google.firebase:firebase-common:20.3.3] AndroidManifest.xml:24:5-37:19
MERGED from [com.google.android.gms:play-services-measurement:21.3.0] AndroidManifest.xml:28:5-44:19
MERGED from [com.google.android.gms:play-services-measurement:21.3.0] AndroidManifest.xml:28:5-44:19
MERGED from [com.google.android.gms:play-services-measurement-sdk:21.3.0] AndroidManifest.xml:22:5-23:19
MERGED from [com.google.android.gms:play-services-measurement-sdk:21.3.0] AndroidManifest.xml:22:5-23:19
MERGED from [com.google.firebase:firebase-iid-interop:17.1.0] AndroidManifest.xml:7:5-8:19
MERGED from [com.google.firebase:firebase-iid-interop:17.1.0] AndroidManifest.xml:7:5-8:19
MERGED from [com.google.android.play:integrity:1.1.0] AndroidManifest.xml:5:5-6:19
MERGED from [com.google.android.play:integrity:1.1.0] AndroidManifest.xml:5:5-6:19
MERGED from [com.google.android.gms:play-services-tasks:18.0.2] AndroidManifest.xml:5:5-20
MERGED from [com.google.android.gms:play-services-tasks:18.0.2] AndroidManifest.xml:5:5-20
MERGED from [com.google.android.gms:play-services-measurement-impl:21.3.0] AndroidManifest.xml:29:5-30:19
MERGED from [com.google.android.gms:play-services-measurement-impl:21.3.0] AndroidManifest.xml:29:5-30:19
MERGED from [com.google.android.gms:play-services-stats:17.0.2] AndroidManifest.xml:7:5-20
MERGED from [com.google.android.gms:play-services-stats:17.0.2] AndroidManifest.xml:7:5-20
MERGED from [com.google.firebase:firebase-measurement-connector:19.0.0] AndroidManifest.xml:22:5-23:19
MERGED from [com.google.firebase:firebase-measurement-connector:19.0.0] AndroidManifest.xml:22:5-23:19
MERGED from [com.google.android.gms:play-services-ads-identifier:18.0.0] AndroidManifest.xml:25:5-20
MERGED from [com.google.android.gms:play-services-ads-identifier:18.0.0] AndroidManifest.xml:25:5-20
MERGED from [com.google.android.gms:play-services-measurement-base:21.3.0] AndroidManifest.xml:7:5-20
MERGED from [com.google.android.gms:play-services-measurement-base:21.3.0] AndroidManifest.xml:7:5-20
MERGED from [com.google.android.gms:play-services-basement:18.2.0] AndroidManifest.xml:20:5-24:19
MERGED from [com.google.android.gms:play-services-basement:18.2.0] AndroidManifest.xml:20:5-24:19
MERGED from [androidx.emoji2:emoji2:1.2.0] AndroidManifest.xml:23:5-33:19
MERGED from [androidx.emoji2:emoji2:1.2.0] AndroidManifest.xml:23:5-33:19
MERGED from [androidx.core:core:1.10.1] AndroidManifest.xml:28:5-89
MERGED from [androidx.core:core:1.10.1] AndroidManifest.xml:28:5-89
MERGED from [androidx.lifecycle:lifecycle-process:2.6.1] AndroidManifest.xml:23:5-33:19
MERGED from [androidx.lifecycle:lifecycle-process:2.6.1] AndroidManifest.xml:23:5-33:19
MERGED from [com.google.android.datatransport:transport-backend-cct:3.1.8] AndroidManifest.xml:27:5-35:19
MERGED from [com.google.android.datatransport:transport-backend-cct:3.1.8] AndroidManifest.xml:27:5-35:19
MERGED from [com.google.android.datatransport:transport-runtime:3.1.8] AndroidManifest.xml:25:5-39:19
MERGED from [com.google.android.datatransport:transport-runtime:3.1.8] AndroidManifest.xml:25:5-39:19
MERGED from [androidx.versionedparcelable:versionedparcelable:1.1.1] AndroidManifest.xml:24:5-25:19
MERGED from [androidx.versionedparcelable:versionedparcelable:1.1.1] AndroidManifest.xml:24:5-25:19
MERGED from [androidx.profileinstaller:profileinstaller:1.3.0] AndroidManifest.xml:23:5-53:19
MERGED from [androidx.profileinstaller:profileinstaller:1.3.0] AndroidManifest.xml:23:5-53:19
MERGED from [androidx.startup:startup-runtime:1.1.1] AndroidManifest.xml:25:5-31:19
MERGED from [androidx.startup:startup-runtime:1.1.1] AndroidManifest.xml:25:5-31:19
	android:requestLegacyExternalStorage
		ADDED from src\main\AndroidManifest.xml:46:9-52
	android:appComponentFactory
		ADDED from [androidx.core:core:1.10.1] AndroidManifest.xml:28:18-86
	android:label
		ADDED from src\main\AndroidManifest.xml:44:9-41
	android:icon
		ADDED from src\main\AndroidManifest.xml:47:9-45
	android:name
		INJECTED from src\main\AndroidManifest.xml
		ADDED from src\main\AndroidManifest.xml:45:9-42
manifest
ADDED from src\main\AndroidManifest.xml:1:1-90:12
INJECTED from src\main\AndroidManifest.xml:1:1-90:12
INJECTED from src\main\AndroidManifest.xml:1:1-90:12
INJECTED from src\main\AndroidManifest.xml:1:1-90:12
MERGED from [:firebase_messaging] AndroidManifest.xml:2:1-50:12
MERGED from [:cloud_firestore] AndroidManifest.xml:2:1-17:12
MERGED from [:firebase_auth] AndroidManifest.xml:2:1-17:12
MERGED from [:firebase_core] AndroidManifest.xml:2:1-17:12
MERGED from [:file_picker] AndroidManifest.xml:2:1-19:12
MERGED from [:path_provider_android] AndroidManifest.xml:2:1-9:12
MERGED from [:just_audio] AndroidManifest.xml:2:1-9:12
MERGED from [:wakelock_plus] AndroidManifest.xml:2:1-9:12
MERGED from [:share_plus] AndroidManifest.xml:2:1-37:12
MERGED from [:flutter_image_compress_common] AndroidManifest.xml:2:1-11:12
MERGED from [:image_picker_android] AndroidManifest.xml:2:1-21:12
MERGED from [:video_player_android] AndroidManifest.xml:2:1-9:12
MERGED from [:speech_to_text] AndroidManifest.xml:2:1-11:12
MERGED from [:flutter_plugin_android_lifecycle] AndroidManifest.xml:2:1-9:12
MERGED from [:image_gallery_saver] AndroidManifest.xml:2:1-9:12
MERGED from [:sqflite] AndroidManifest.xml:2:1-9:12
MERGED from [:url_launcher_android] AndroidManifest.xml:2:1-16:12
MERGED from [:google_sign_in_android] AndroidManifest.xml:2:1-11:12
MERGED from [:image_editor_common] AndroidManifest.xml:2:1-9:12
MERGED from [:webview_flutter_android] AndroidManifest.xml:2:1-9:12
MERGED from [:open_filex] AndroidManifest.xml:2:1-30:12
MERGED from [:package_info_plus] AndroidManifest.xml:2:1-9:12
MERGED from [:audio_session] AndroidManifest.xml:2:1-9:12
MERGED from [:flutter_vision_ocr] AndroidManifest.xml:2:1-12:12
MERGED from [androidx.window:window-java:1.0.0] AndroidManifest.xml:17:1-23:12
MERGED from [androidx.window:window:1.0.0] AndroidManifest.xml:17:1-33:12
MERGED from [androidx.appcompat:appcompat-resources:1.6.1] AndroidManifest.xml:17:1-22:12
MERGED from [androidx.appcompat:appcompat:1.6.1] AndroidManifest.xml:17:1-22:12
MERGED from [com.google.android.gms:play-services-auth:20.6.0] AndroidManifest.xml:17:1-40:12
MERGED from [androidx.legacy:legacy-support-v4:1.0.0] AndroidManifest.xml:17:1-22:12
MERGED from [com.google.firebase:firebase-auth:22.1.0] AndroidManifest.xml:17:1-75:12
MERGED from [com.google.firebase:firebase-messaging:23.2.0] AndroidManifest.xml:17:1-61:12
MERGED from [com.google.firebase:firebase-firestore:24.7.0] AndroidManifest.xml:2:1-25:12
MERGED from [com.google.android.gms:play-services-vision:20.1.3] AndroidManifest.xml:2:1-9:12
MERGED from [com.google.android.gms:play-services-auth-api-phone:18.0.1] AndroidManifest.xml:2:1-7:12
MERGED from [com.google.android.gms:play-services-auth-base:18.0.4] AndroidManifest.xml:2:1-7:12
MERGED from [com.google.android.gms:play-services-fido:20.0.1] AndroidManifest.xml:2:1-10:12
MERGED from [com.google.firebase:firebase-database-collection:18.0.1] AndroidManifest.xml:2:1-9:12
MERGED from [com.google.firebase:firebase-appcheck-interop:17.0.0] AndroidManifest.xml:15:1-25:12
MERGED from [com.google.android.gms:play-services-vision-common:19.1.3] AndroidManifest.xml:2:1-9:12
MERGED from [com.google.android.gms:play-services-clearcut:17.0.0] AndroidManifest.xml:17:1-24:12
MERGED from [com.google.android.gms:play-services-flags:17.0.0] AndroidManifest.xml:17:1-22:12
MERGED from [com.google.android.gms:play-services-phenotype:17.0.0] AndroidManifest.xml:17:1-24:12
MERGED from [com.google.android.gms:play-services-base:18.0.1] AndroidManifest.xml:16:1-24:12
MERGED from [com.google.firebase:firebase-iid:21.1.0] AndroidManifest.xml:17:1-38:12
MERGED from [com.google.firebase:firebase-analytics:21.3.0] AndroidManifest.xml:2:1-9:12
MERGED from [com.google.android.gms:play-services-measurement-api:21.3.0] AndroidManifest.xml:17:1-37:12
MERGED from [com.google.firebase:firebase-installations:17.1.3] AndroidManifest.xml:2:1-23:12
MERGED from [com.google.firebase:firebase-datatransport:18.1.7] AndroidManifest.xml:15:1-33:12
MERGED from [com.google.firebase:firebase-auth-interop:20.0.0] AndroidManifest.xml:2:1-10:12
MERGED from [com.google.firebase:firebase-common:20.3.3] AndroidManifest.xml:15:1-39:12
MERGED from [com.google.android.gms:play-services-measurement:21.3.0] AndroidManifest.xml:17:1-46:12
MERGED from [com.google.android.gms:play-services-measurement-sdk:21.3.0] AndroidManifest.xml:17:1-25:12
MERGED from [com.google.firebase:firebase-iid-interop:17.1.0] AndroidManifest.xml:2:1-10:12
MERGED from [com.google.firebase:firebase-installations-interop:17.1.0] AndroidManifest.xml:15:1-22:12
MERGED from [com.google.android.gms:play-services-cloud-messaging:17.0.1] AndroidManifest.xml:2:1-13:12
MERGED from [com.google.android.recaptcha:recaptcha:18.1.2] AndroidManifest.xml:2:1-10:12
MERGED from [com.google.android.play:integrity:1.1.0] AndroidManifest.xml:2:1-7:12
MERGED from [com.google.android.gms:play-services-tasks:18.0.2] AndroidManifest.xml:2:1-6:12
MERGED from [com.google.android.gms:play-services-measurement-impl:21.3.0] AndroidManifest.xml:17:1-32:12
MERGED from [com.google.android.gms:play-services-stats:17.0.2] AndroidManifest.xml:2:1-9:12
MERGED from [com.google.firebase:firebase-measurement-connector:19.0.0] AndroidManifest.xml:17:1-25:12
MERGED from [com.google.android.gms:play-services-ads-identifier:18.0.0] AndroidManifest.xml:17:1-27:12
MERGED from [com.google.android.gms:play-services-measurement-sdk-api:21.3.0] AndroidManifest.xml:17:1-28:12
MERGED from [com.google.android.gms:play-services-measurement-base:21.3.0] AndroidManifest.xml:2:1-9:12
MERGED from [com.google.android.gms:play-services-basement:18.2.0] AndroidManifest.xml:16:1-26:12
MERGED from [androidx.fragment:fragment:1.3.6] AndroidManifest.xml:17:1-24:12
MERGED from [androidx.activity:activity:1.7.2] AndroidManifest.xml:17:1-22:12
MERGED from [com.google.android.exoplayer:exoplayer-dash:2.18.7] AndroidManifest.xml:17:1-24:12
MERGED from [com.google.android.exoplayer:exoplayer-hls:2.18.7] AndroidManifest.xml:17:1-24:12
MERGED from [com.google.android.exoplayer:exoplayer-smoothstreaming:2.18.7] AndroidManifest.xml:17:1-24:12
MERGED from [com.google.android.exoplayer:exoplayer-core:2.18.7] AndroidManifest.xml:17:1-26:12
MERGED from [androidx.core:core-ktx:1.10.1] AndroidManifest.xml:2:1-7:12
MERGED from [androidx.browser:browser:1.5.0] AndroidManifest.xml:17:1-22:12
MERGED from [androidx.webkit:webkit:1.7.0] AndroidManifest.xml:17:1-22:12
MERGED from [androidx.legacy:legacy-support-core-ui:1.0.0] AndroidManifest.xml:17:1-22:12
MERGED from [androidx.legacy:legacy-support-core-utils:1.0.0] AndroidManifest.xml:17:1-22:12
MERGED from [androidx.loader:loader:1.0.0] AndroidManifest.xml:17:1-22:12
MERGED from [androidx.media2:media2-session:1.2.1] AndroidManifest.xml:17:1-36:12
MERGED from [androidx.media2:media2-common:1.2.1] AndroidManifest.xml:17:1-24:12
MERGED from [androidx.drawerlayout:drawerlayout:1.0.0] AndroidManifest.xml:17:1-22:12
MERGED from [androidx.emoji2:emoji2-views-helper:1.2.0] AndroidManifest.xml:2:1-7:12
MERGED from [androidx.emoji2:emoji2:1.2.0] AndroidManifest.xml:17:1-35:12
MERGED from [androidx.viewpager:viewpager:1.0.0] AndroidManifest.xml:17:1-22:12
MERGED from [androidx.coordinatorlayout:coordinatorlayout:1.0.0] AndroidManifest.xml:17:1-22:12
MERGED from [androidx.slidingpanelayout:slidingpanelayout:1.0.0] AndroidManifest.xml:17:1-22:12
MERGED from [androidx.customview:customview:1.0.0] AndroidManifest.xml:17:1-22:12
MERGED from [androidx.swiperefreshlayout:swiperefreshlayout:1.0.0] AndroidManifest.xml:17:1-22:12
MERGED from [androidx.asynclayoutinflater:asynclayoutinflater:1.0.0] AndroidManifest.xml:17:1-22:12
MERGED from [androidx.media:media:1.4.1] AndroidManifest.xml:17:1-30:12
MERGED from [androidx.vectordrawable:vectordrawable-animated:1.1.0] AndroidManifest.xml:17:1-24:12
MERGED from [androidx.vectordrawable:vectordrawable:1.1.0] AndroidManifest.xml:17:1-24:12
MERGED from [androidx.core:core:1.10.1] AndroidManifest.xml:17:1-30:12
MERGED from [androidx.savedstate:savedstate:1.2.1] AndroidManifest.xml:17:1-22:12
MERGED from [androidx.lifecycle:lifecycle-process:2.6.1] AndroidManifest.xml:17:1-35:12
MERGED from [androidx.lifecycle:lifecycle-livedata:2.6.1] AndroidManifest.xml:17:1-22:12
MERGED from [androidx.lifecycle:lifecycle-livedata-core:2.6.1] AndroidManifest.xml:17:1-22:12
MERGED from [androidx.lifecycle:lifecycle-viewmodel:2.6.1] AndroidManifest.xml:17:1-22:12
MERGED from [androidx.lifecycle:lifecycle-runtime:2.6.1] AndroidManifest.xml:2:1-7:12
MERGED from [androidx.lifecycle:lifecycle-viewmodel-savedstate:2.6.1] AndroidManifest.xml:17:1-22:12
MERGED from [com.google.android.datatransport:transport-backend-cct:3.1.8] AndroidManifest.xml:15:1-37:12
MERGED from [com.google.android.datatransport:transport-runtime:3.1.8] AndroidManifest.xml:15:1-41:12
MERGED from [com.google.firebase:firebase-encoders-json:18.0.0] AndroidManifest.xml:15:1-23:12
MERGED from [androidx.heifwriter:heifwriter:1.0.0] AndroidManifest.xml:17:1-22:12
MERGED from [androidx.exifinterface:exifinterface:1.3.6] AndroidManifest.xml:17:1-24:12
MERGED from [androidx.localbroadcastmanager:localbroadcastmanager:1.1.0] AndroidManifest.xml:17:1-24:12
MERGED from [androidx.versionedparcelable:versionedparcelable:1.1.1] AndroidManifest.xml:17:1-27:12
MERGED from [androidx.profileinstaller:profileinstaller:1.3.0] AndroidManifest.xml:17:1-55:12
MERGED from [androidx.startup:startup-runtime:1.1.1] AndroidManifest.xml:17:1-33:12
MERGED from [androidx.tracing:tracing:1.0.0] AndroidManifest.xml:17:1-24:12
MERGED from [com.google.firebase:firebase-components:17.1.0] AndroidManifest.xml:15:1-22:12
MERGED from [com.google.android.exoplayer:exoplayer-datasource:2.18.7] AndroidManifest.xml:17:1-24:12
MERGED from [com.google.android.exoplayer:exoplayer-extractor:2.18.7] AndroidManifest.xml:17:1-24:12
MERGED from [com.google.android.exoplayer:exoplayer-decoder:2.18.7] AndroidManifest.xml:17:1-24:12
MERGED from [com.google.android.exoplayer:exoplayer-database:2.18.7] AndroidManifest.xml:17:1-24:12
MERGED from [com.google.android.exoplayer:exoplayer-common:2.18.7] AndroidManifest.xml:17:1-26:12
MERGED from [androidx.interpolator:interpolator:1.0.0] AndroidManifest.xml:17:1-22:12
MERGED from [com.google.android.datatransport:transport-api:3.0.0] AndroidManifest.xml:15:1-22:12
MERGED from [androidx.cursoradapter:cursoradapter:1.0.0] AndroidManifest.xml:17:1-22:12
MERGED from [androidx.arch.core:core-runtime:2.2.0] AndroidManifest.xml:17:1-22:12
MERGED from [androidx.documentfile:documentfile:1.0.0] AndroidManifest.xml:17:1-22:12
MERGED from [androidx.print:print:1.0.0] AndroidManifest.xml:17:1-22:12
MERGED from [androidx.annotation:annotation-experimental:1.3.0] AndroidManifest.xml:17:1-22:12
MERGED from [io.grpc:grpc-android:1.52.1] AndroidManifest.xml:2:1-11:12
MERGED from [com.jaredrummler:truetypeparser-light:1.0.0] AndroidManifest.xml:18:1-25:12
MERGED from [com.google.firebase:protolite-well-known-types:18.0.0] AndroidManifest.xml:2:1-11:12
INJECTED from src\main\AndroidManifest.xml:1:1-90:12
INJECTED from src\main\AndroidManifest.xml:1:1-90:12
INJECTED from src\main\AndroidManifest.xml:1:1-90:12
	package
		ADDED from src\main\AndroidManifest.xml:2:5-33
		INJECTED from src\main\AndroidManifest.xml
		INJECTED from src\main\AndroidManifest.xml
	android:versionName
		INJECTED from src\main\AndroidManifest.xml
		ADDED from src\main\AndroidManifest.xml:1:1-90:12
		INJECTED from src\main\AndroidManifest.xml
	android:versionCode
		INJECTED from src\main\AndroidManifest.xml
		ADDED from src\main\AndroidManifest.xml:1:1-90:12
		INJECTED from src\main\AndroidManifest.xml
	xmlns:android
		ADDED from src\main\AndroidManifest.xml:1:11-69
uses-permission#android.permission.INTERNET
ADDED from src\main\AndroidManifest.xml:7:5-66
MERGED from [:firebase_messaging] AndroidManifest.xml:9:5-67
MERGED from [:firebase_messaging] AndroidManifest.xml:9:5-67
MERGED from [:google_sign_in_android] AndroidManifest.xml:9:5-67
MERGED from [:google_sign_in_android] AndroidManifest.xml:9:5-67
MERGED from [com.google.firebase:firebase-auth:22.1.0] AndroidManifest.xml:25:5-67
MERGED from [com.google.firebase:firebase-auth:22.1.0] AndroidManifest.xml:25:5-67
MERGED from [com.google.firebase:firebase-firestore:24.7.0] AndroidManifest.xml:13:5-67
MERGED from [com.google.firebase:firebase-firestore:24.7.0] AndroidManifest.xml:13:5-67
MERGED from [com.google.firebase:firebase-iid:21.1.0] AndroidManifest.xml:23:5-67
MERGED from [com.google.firebase:firebase-iid:21.1.0] AndroidManifest.xml:23:5-67
MERGED from [com.google.android.gms:play-services-measurement-api:21.3.0] AndroidManifest.xml:22:5-67
MERGED from [com.google.android.gms:play-services-measurement-api:21.3.0] AndroidManifest.xml:22:5-67
MERGED from [com.google.firebase:firebase-installations:17.1.3] AndroidManifest.xml:10:5-67
MERGED from [com.google.firebase:firebase-installations:17.1.3] AndroidManifest.xml:10:5-67
MERGED from [com.google.android.gms:play-services-measurement:21.3.0] AndroidManifest.xml:23:5-67
MERGED from [com.google.android.gms:play-services-measurement:21.3.0] AndroidManifest.xml:23:5-67
MERGED from [com.google.android.gms:play-services-cloud-messaging:17.0.1] AndroidManifest.xml:8:5-67
MERGED from [com.google.android.gms:play-services-cloud-messaging:17.0.1] AndroidManifest.xml:8:5-67
MERGED from [com.google.android.recaptcha:recaptcha:18.1.2] AndroidManifest.xml:7:5-67
MERGED from [com.google.android.recaptcha:recaptcha:18.1.2] AndroidManifest.xml:7:5-67
MERGED from [com.google.android.gms:play-services-measurement-impl:21.3.0] AndroidManifest.xml:23:5-67
MERGED from [com.google.android.gms:play-services-measurement-impl:21.3.0] AndroidManifest.xml:23:5-67
MERGED from [com.google.android.gms:play-services-measurement-sdk-api:21.3.0] AndroidManifest.xml:23:5-67
MERGED from [com.google.android.gms:play-services-measurement-sdk-api:21.3.0] AndroidManifest.xml:23:5-67
MERGED from [com.google.android.datatransport:transport-backend-cct:3.1.8] AndroidManifest.xml:25:5-67
MERGED from [com.google.android.datatransport:transport-backend-cct:3.1.8] AndroidManifest.xml:25:5-67
	android:name
		ADDED from src\main\AndroidManifest.xml:7:22-64
uses-permission#android.permission.ACCESS_NETWORK_STATE
ADDED from src\main\AndroidManifest.xml:8:5-78
MERGED from [:firebase_messaging] AndroidManifest.xml:11:5-79
MERGED from [:firebase_messaging] AndroidManifest.xml:11:5-79
MERGED from [com.google.firebase:firebase-auth:22.1.0] AndroidManifest.xml:26:5-79
MERGED from [com.google.firebase:firebase-auth:22.1.0] AndroidManifest.xml:26:5-79
MERGED from [com.google.firebase:firebase-messaging:23.2.0] AndroidManifest.xml:24:5-79
MERGED from [com.google.firebase:firebase-messaging:23.2.0] AndroidManifest.xml:24:5-79
MERGED from [com.google.firebase:firebase-firestore:24.7.0] AndroidManifest.xml:12:5-79
MERGED from [com.google.firebase:firebase-firestore:24.7.0] AndroidManifest.xml:12:5-79
MERGED from [com.google.firebase:firebase-iid:21.1.0] AndroidManifest.xml:22:5-79
MERGED from [com.google.firebase:firebase-iid:21.1.0] AndroidManifest.xml:22:5-79
MERGED from [com.google.android.gms:play-services-measurement-api:21.3.0] AndroidManifest.xml:23:5-79
MERGED from [com.google.android.gms:play-services-measurement-api:21.3.0] AndroidManifest.xml:23:5-79
MERGED from [com.google.firebase:firebase-installations:17.1.3] AndroidManifest.xml:9:5-79
MERGED from [com.google.firebase:firebase-installations:17.1.3] AndroidManifest.xml:9:5-79
MERGED from [com.google.android.gms:play-services-measurement:21.3.0] AndroidManifest.xml:24:5-79
MERGED from [com.google.android.gms:play-services-measurement:21.3.0] AndroidManifest.xml:24:5-79
MERGED from [com.google.android.gms:play-services-cloud-messaging:17.0.1] AndroidManifest.xml:7:5-79
MERGED from [com.google.android.gms:play-services-cloud-messaging:17.0.1] AndroidManifest.xml:7:5-79
MERGED from [com.google.android.recaptcha:recaptcha:18.1.2] AndroidManifest.xml:8:5-79
MERGED from [com.google.android.recaptcha:recaptcha:18.1.2] AndroidManifest.xml:8:5-79
MERGED from [com.google.android.gms:play-services-measurement-impl:21.3.0] AndroidManifest.xml:24:5-79
MERGED from [com.google.android.gms:play-services-measurement-impl:21.3.0] AndroidManifest.xml:24:5-79
MERGED from [com.google.android.gms:play-services-measurement-sdk-api:21.3.0] AndroidManifest.xml:24:5-79
MERGED from [com.google.android.gms:play-services-measurement-sdk-api:21.3.0] AndroidManifest.xml:24:5-79
MERGED from [com.google.android.exoplayer:exoplayer-core:2.18.7] AndroidManifest.xml:24:5-79
MERGED from [com.google.android.exoplayer:exoplayer-core:2.18.7] AndroidManifest.xml:24:5-79
MERGED from [com.google.android.datatransport:transport-backend-cct:3.1.8] AndroidManifest.xml:24:5-79
MERGED from [com.google.android.datatransport:transport-backend-cct:3.1.8] AndroidManifest.xml:24:5-79
MERGED from [com.google.android.datatransport:transport-runtime:3.1.8] AndroidManifest.xml:22:5-79
MERGED from [com.google.android.datatransport:transport-runtime:3.1.8] AndroidManifest.xml:22:5-79
MERGED from [com.google.android.exoplayer:exoplayer-common:2.18.7] AndroidManifest.xml:24:5-79
MERGED from [com.google.android.exoplayer:exoplayer-common:2.18.7] AndroidManifest.xml:24:5-79
MERGED from [io.grpc:grpc-android:1.52.1] AndroidManifest.xml:9:5-79
MERGED from [io.grpc:grpc-android:1.52.1] AndroidManifest.xml:9:5-79
	android:name
		ADDED from src\main\AndroidManifest.xml:8:22-76
uses-permission#android.permission.WRITE_EXTERNAL_STORAGE
ADDED from src\main\AndroidManifest.xml:9:5-80
	android:name
		ADDED from src\main\AndroidManifest.xml:9:22-78
uses-permission#android.permission.CAMERA
ADDED from src\main\AndroidManifest.xml:10:5-65
MERGED from [:flutter_vision_ocr] AndroidManifest.xml:9:5-65
MERGED from [:flutter_vision_ocr] AndroidManifest.xml:9:5-65
	android:name
		ADDED from src\main\AndroidManifest.xml:10:22-62
uses-permission#android.permission.BLUETOOTH
ADDED from src\main\AndroidManifest.xml:12:5-67
	android:name
		ADDED from src\main\AndroidManifest.xml:12:22-65
uses-permission#android.permission.BLUETOOTH_ADMIN
ADDED from src\main\AndroidManifest.xml:13:5-73
	android:name
		ADDED from src\main\AndroidManifest.xml:13:22-71
uses-permission#android.permission.BLUETOOTH_CONNECT
ADDED from src\main\AndroidManifest.xml:14:5-75
MERGED from [:speech_to_text] AndroidManifest.xml:9:5-76
MERGED from [:speech_to_text] AndroidManifest.xml:9:5-76
	android:name
		ADDED from src\main\AndroidManifest.xml:14:22-73
uses-permission#com.android.vending.BILLING
ADDED from src\main\AndroidManifest.xml:15:5-67
	android:name
		ADDED from src\main\AndroidManifest.xml:15:22-64
uses-permission#android.permission.FOREGROUND_SERVICE
ADDED from src\main\AndroidManifest.xml:16:1-73
	android:name
		ADDED from src\main\AndroidManifest.xml:16:18-70
queries
ADDED from src\main\AndroidManifest.xml:22:1-37:11
MERGED from [:file_picker] AndroidManifest.xml:11:5-17:15
MERGED from [:file_picker] AndroidManifest.xml:11:5-17:15
MERGED from [androidx.media2:media2-session:1.2.1] AndroidManifest.xml:24:5-34:15
MERGED from [androidx.media2:media2-session:1.2.1] AndroidManifest.xml:24:5-34:15
MERGED from [androidx.media:media:1.4.1] AndroidManifest.xml:24:5-28:15
MERGED from [androidx.media:media:1.4.1] AndroidManifest.xml:24:5-28:15
intent#action:name:android.intent.action.VIEW+data:scheme:sms
ADDED from src\main\AndroidManifest.xml:24:3-27:12
action#android.intent.action.VIEW
ADDED from src\main\AndroidManifest.xml:25:5-57
	android:name
		ADDED from src\main\AndroidManifest.xml:25:13-54
data
ADDED from src\main\AndroidManifest.xml:26:5-34
	android:scheme
		ADDED from src\main\AndroidManifest.xml:26:11-31
	android:mimeType
		ADDED from src\main\AndroidManifest.xml:35:15-37
intent#action:name:android.intent.action.VIEW+data:scheme:tel
ADDED from src\main\AndroidManifest.xml:29:3-32:12
intent#action:name:android.intent.action.SEND+data:mimeType:*/*
ADDED from src\main\AndroidManifest.xml:33:4-36:14
action#android.intent.action.SEND
ADDED from src\main\AndroidManifest.xml:34:9-61
	android:name
		ADDED from src\main\AndroidManifest.xml:34:17-58
uses-sdk
INJECTED from src\main\AndroidManifest.xml reason: use-sdk injection requested
INJECTED from src\main\AndroidManifest.xml
INJECTED from src\main\AndroidManifest.xml
MERGED from [:firebase_messaging] AndroidManifest.xml:5:5-7:41
MERGED from [:firebase_messaging] AndroidManifest.xml:5:5-7:41
MERGED from [:cloud_firestore] AndroidManifest.xml:5:5-7:41
MERGED from [:cloud_firestore] AndroidManifest.xml:5:5-7:41
MERGED from [:firebase_auth] AndroidManifest.xml:5:5-7:41
MERGED from [:firebase_auth] AndroidManifest.xml:5:5-7:41
MERGED from [:firebase_core] AndroidManifest.xml:5:5-7:41
MERGED from [:firebase_core] AndroidManifest.xml:5:5-7:41
MERGED from [:file_picker] AndroidManifest.xml:5:5-7:41
MERGED from [:file_picker] AndroidManifest.xml:5:5-7:41
MERGED from [:path_provider_android] AndroidManifest.xml:5:5-7:41
MERGED from [:path_provider_android] AndroidManifest.xml:5:5-7:41
MERGED from [:just_audio] AndroidManifest.xml:5:5-7:41
MERGED from [:just_audio] AndroidManifest.xml:5:5-7:41
MERGED from [:wakelock_plus] AndroidManifest.xml:5:5-7:41
MERGED from [:wakelock_plus] AndroidManifest.xml:5:5-7:41
MERGED from [:share_plus] AndroidManifest.xml:5:5-7:41
MERGED from [:share_plus] AndroidManifest.xml:5:5-7:41